mode: set
github.com/praetorian-inc/hadrian/pkg/reporter/redactor.go:16.30,35.2 1 1
github.com/praetorian-inc/hadrian/pkg/reporter/redactor.go:42.50,45.34 2 1
github.com/praetorian-inc/hadrian/pkg/reporter/redactor.go:45.34,46.42 1 1
github.com/praetorian-inc/hadrian/pkg/reporter/redactor.go:46.42,47.78 1 1
github.com/praetorian-inc/hadrian/pkg/reporter/redactor.go:47.78,49.5 1 1
github.com/praetorian-inc/hadrian/pkg/reporter/redactor.go:54.2,55.34 2 1
github.com/praetorian-inc/hadrian/pkg/reporter/redactor.go:55.34,56.42 1 1
github.com/praetorian-inc/hadrian/pkg/reporter/redactor.go:56.42,57.78 1 1
github.com/praetorian-inc/hadrian/pkg/reporter/redactor.go:57.78,59.5 1 1
github.com/praetorian-inc/hadrian/pkg/reporter/redactor.go:64.2,65.34 2 1
github.com/praetorian-inc/hadrian/pkg/reporter/redactor.go:65.34,66.42 1 1
github.com/praetorian-inc/hadrian/pkg/reporter/redactor.go:66.42,67.78 1 1
github.com/praetorian-inc/hadrian/pkg/reporter/redactor.go:67.78,69.5 1 1
github.com/praetorian-inc/hadrian/pkg/reporter/redactor.go:73.2,73.16 1 1
github.com/praetorian-inc/hadrian/pkg/reporter/redactor.go:77.58,80.34 2 1
github.com/praetorian-inc/hadrian/pkg/reporter/redactor.go:80.34,81.42 1 1
github.com/praetorian-inc/hadrian/pkg/reporter/redactor.go:81.42,82.78 1 1
github.com/praetorian-inc/hadrian/pkg/reporter/redactor.go:82.78,85.5 2 0
github.com/praetorian-inc/hadrian/pkg/reporter/redactor.go:90.2,91.34 2 1
github.com/praetorian-inc/hadrian/pkg/reporter/redactor.go:91.34,92.42 1 1
github.com/praetorian-inc/hadrian/pkg/reporter/redactor.go:92.42,93.78 1 1
github.com/praetorian-inc/hadrian/pkg/reporter/redactor.go:93.78,96.5 2 0
github.com/praetorian-inc/hadrian/pkg/reporter/redactor.go:101.2,102.34 2 1
github.com/praetorian-inc/hadrian/pkg/reporter/redactor.go:102.34,103.42 1 1
github.com/praetorian-inc/hadrian/pkg/reporter/redactor.go:103.42,104.78 1 1
github.com/praetorian-inc/hadrian/pkg/reporter/redactor.go:104.78,107.5 2 1
github.com/praetorian-inc/hadrian/pkg/reporter/redactor.go:111.2,111.16 1 1
github.com/praetorian-inc/hadrian/pkg/reporter/redactor.go:115.45,118.40 2 1
github.com/praetorian-inc/hadrian/pkg/reporter/redactor.go:118.40,120.3 1 1
github.com/praetorian-inc/hadrian/pkg/reporter/redactor.go:122.2,122.17 1 1
github.com/praetorian-inc/hadrian/pkg/reporter/redactor.go:126.57,130.2 3 1
